# JRE version: Java(TM) SE Runtime Environment (17.0.12+8) (build 17.0.12+8-LTS-286)
# Java VM: Java HotSpot(TM) 64-Bit Server VM (17.0.12+8-LTS-286, mixed mode, sharing, tiered, compressed oops, compressed class ptrs, g1 gc, windows-amd64)
GC Precious Log:
 CPUs: 16 total, 16 available
 Memory: 16016M
 Large Page Support: Disabled
 NUMA Support: Disabled
 Compressed Oops: Enabled (32-bit)
 Heap Region Size: 1M
 Heap Min Capacity: 8M
 Heap Initial Capacity: 252M
 Heap Max Capacity: 512M
 Pre-touch: Disabled
 Parallel Workers: 13
 Concurrent Workers: 3
 Concurrent Refinement Workers: 13
 Periodic GC: Disabled
Heap:
 garbage-first heap   total 287744K, used 15762K [0x00000000e0000000, 0x0000000100000000)
  region size 1024K, 1 young (1024K), 1 survivors (1024K)
 Metaspace       used 35039K, committed 35392K, reserved 1114112K
  class space    used 3673K, committed 3840K, reserved 1048576K
GC Heap History (20 events):
Event: 173068.044 GC heap after
{Heap after GC invocations=23656 (full 261):
 garbage-first heap   total 277504K, used 15661K [0x00000000e0000000, 0x0000000100000000)
  region size 1024K, 1 young (1024K), 1 survivors (1024K)
 Metaspace       used 35039K, committed 35392K, reserved 1114112K
  class space    used 3673K, committed 3840K, reserved 1048576K
}
Event: 173068.056 GC heap before
{Heap before GC invocations=23656 (full 261):
 garbage-first heap   total 277504K, used 122157K [0x00000000e0000000, 0x0000000100000000)
  region size 1024K, 2 young (2048K), 1 survivors (1024K)
 Metaspace       used 35039K, committed 35392K, reserved 1114112K
  class space    used 3673K, committed 3840K, reserved 1048576K
}
Event: 173068.057 GC heap after
{Heap after GC invocations=23657 (full 261):
 garbage-first heap   total 277504K, used 15668K [0x00000000e0000000, 0x0000000100000000)
  region size 1024K, 1 young (1024K), 1 survivors (1024K)
 Metaspace       used 35039K, committed 35392K, reserved 1114112K
  class space    used 3673K, committed 3840K, reserved 1048576K
}
Event: 173068.069 GC heap before
{Heap before GC invocations=23657 (full 261):
 garbage-first heap   total 277504K, used 122164K [0x00000000e0000000, 0x0000000100000000)
  region size 1024K, 2 young (2048K), 1 survivors (1024K)
 Metaspace       used 35039K, committed 35392K, reserved 1114112K
  class space    used 3673K, committed 3840K, reserved 1048576K
}
Event: 173068.070 GC heap after
{Heap after GC invocations=23658 (full 261):
 garbage-first heap   total 287744K, used 15676K [0x00000000e0000000, 0x0000000100000000)
  region size 1024K, 1 young (1024K), 1 survivors (1024K)
 Metaspace       used 35039K, committed 35392K, reserved 1114112K
  class space    used 3673K, committed 3840K, reserved 1048576K
}
Event: 173068.084 GC heap before
{Heap before GC invocations=23658 (full 261):
 garbage-first heap   total 287744K, used 126268K [0x00000000e0000000, 0x0000000100000000)
  region size 1024K, 2 young (2048K), 1 survivors (1024K)
 Metaspace       used 35039K, committed 35392K, reserved 1114112K
  class space    used 3673K, committed 3840K, reserved 1048576K
}
Event: 173068.085 GC heap after
{Heap after GC invocations=23659 (full 261):
 garbage-first heap   total 287744K, used 15693K [0x00000000e0000000, 0x0000000100000000)
  region size 1024K, 1 young (1024K), 1 survivors (1024K)
 Metaspace       used 35039K, committed 35392K, reserved 1114112K
  class space    used 3673K, committed 3840K, reserved 1048576K
}
Event: 173068.096 GC heap before
{Heap before GC invocations=23659 (full 261):
 garbage-first heap   total 287744K, used 126285K [0x00000000e0000000, 0x0000000100000000)
  region size 1024K, 2 young (2048K), 1 survivors (1024K)
 Metaspace       used 35039K, committed 35392K, reserved 1114112K
  class space    used 3673K, committed 3840K, reserved 1048576K
}
Event: 173068.097 GC heap after
{Heap after GC invocations=23660 (full 261):
 garbage-first heap   total 287744K, used 15703K [0x00000000e0000000, 0x0000000100000000)
  region size 1024K, 1 young (1024K), 1 survivors (1024K)
 Metaspace       used 35039K, committed 35392K, reserved 1114112K
  class space    used 3673K, committed 3840K, reserved 1048576K
}
Event: 173068.109 GC heap before
{Heap before GC invocations=23660 (full 261):
 garbage-first heap   total 287744K, used 126295K [0x00000000e0000000, 0x0000000100000000)
  region size 1024K, 2 young (2048K), 1 survivors (1024K)
 Metaspace       used 35039K, committed 35392K, reserved 1114112K
  class space    used 3673K, committed 3840K, reserved 1048576K
}
Event: 173068.111 GC heap after
{Heap after GC invocations=23661 (full 261):
 garbage-first heap   total 287744K, used 15704K [0x00000000e0000000, 0x0000000100000000)
  region size 1024K, 1 young (1024K), 1 survivors (1024K)
 Metaspace       used 35039K, committed 35392K, reserved 1114112K
  class space    used 3673K, committed 3840K, reserved 1048576K
}
Event: 173068.123 GC heap before
{Heap before GC invocations=23661 (full 261):
 garbage-first heap   total 287744K, used 126296K [0x00000000e0000000, 0x0000000100000000)
  region size 1024K, 2 young (2048K), 1 survivors (1024K)
 Metaspace       used 35039K, committed 35392K, reserved 1114112K
  class space    used 3673K, committed 3840K, reserved 1048576K
}
Event: 173068.124 GC heap after
{Heap after GC invocations=23662 (full 261):
 garbage-first heap   total 287744K, used 15710K [0x00000000e0000000, 0x0000000100000000)
  region size 1024K, 1 young (1024K), 1 survivors (1024K)
 Metaspace       used 35039K, committed 35392K, reserved 1114112K
  class space    used 3673K, committed 3840K, reserved 1048576K
}
Event: 173068.135 GC heap before
{Heap before GC invocations=23662 (full 261):
 garbage-first heap   total 287744K, used 126302K [0x00000000e0000000, 0x0000000100000000)
  region size 1024K, 2 young (2048K), 1 survivors (1024K)
 Metaspace       used 35039K, committed 35392K, reserved 1114112K
  class space    used 3673K, committed 3840K, reserved 1048576K
}
Event: 173068.136 GC heap after
{Heap after GC invocations=23663 (full 261):
 garbage-first heap   total 287744K, used 15723K [0x00000000e0000000, 0x0000000100000000)
  region size 1024K, 1 young (1024K), 1 survivors (1024K)
 Metaspace       used 35039K, committed 35392K, reserved 1114112K
  class space    used 3673K, committed 3840K, reserved 1048576K
}
Event: 173068.147 GC heap before
{Heap before GC invocations=23663 (full 261):
 garbage-first heap   total 287744K, used 126315K [0x00000000e0000000, 0x0000000100000000)
  region size 1024K, 2 young (2048K), 1 survivors (1024K)
 Metaspace       used 35039K, committed 35392K, reserved 1114112K
  class space    used 3673K, committed 3840K, reserved 1048576K
}
Event: 173068.148 GC heap after
{Heap after GC invocations=23664 (full 261):
 garbage-first heap   total 287744K, used 15735K [0x00000000e0000000, 0x0000000100000000)
  region size 1024K, 1 young (1024K), 1 survivors (1024K)
 Metaspace       used 35039K, committed 35392K, reserved 1114112K
  class space    used 3673K, committed 3840K, reserved 1048576K
}
Event: 173068.159 GC heap before
{Heap before GC invocations=23664 (full 261):
 garbage-first heap   total 287744K, used 126327K [0x00000000e0000000, 0x0000000100000000)
  region size 1024K, 2 young (2048K), 1 survivors (1024K)
 Metaspace       used 35039K, committed 35392K, reserved 1114112K
  class space    used 3673K, committed 3840K, reserved 1048576K
}
Event: 173068.160 GC heap after
{Heap after GC invocations=23665 (full 261):
 garbage-first heap   total 287744K, used 15748K [0x00000000e0000000, 0x0000000100000000)
  region size 1024K, 1 young (1024K), 1 survivors (1024K)
 Metaspace       used 35039K, committed 35392K, reserved 1114112K
  class space    used 3673K, committed 3840K, reserved 1048576K
}
Event: 173068.172 GC heap before
{Heap before GC invocations=23665 (full 261):
 garbage-first heap   total 287744K, used 126340K [0x00000000e0000000, 0x0000000100000000)
  region size 1024K, 2 young (2048K), 1 survivors (1024K)
 Metaspace       used 35039K, committed 35392K, reserved 1114112K
  class space    used 3673K, committed 3840K, reserved 1048576K
}

