# JRE version: Java(TM) SE Runtime Environment (17.0.12+8) (build 17.0.12+8-LTS-286)
# Java VM: Java HotSpot(TM) 64-Bit Server VM (17.0.12+8-LTS-286, mixed mode, sharing, tiered, compressed oops, compressed class ptrs, g1 gc, windows-amd64)
GC Precious Log:
 CPUs: 16 total, 16 available
 Memory: 16016M
 Large Page Support: Disabled
 NUMA Support: Disabled
 Compressed Oops: Enabled (Zero based)
 Heap Region Size: 2M
 Heap Min Capacity: 8M
 Heap Initial Capacity: 252M
 Heap Max Capacity: 4006M
 Pre-touch: Disabled
 Parallel Workers: 13
 Concurrent Workers: 3
 Concurrent Refinement Workers: 13
 Periodic GC: Disabled
Heap:
 garbage-first heap   total 749568K, used 10000K [0x0000000705a00000, 0x0000000800000000)
  region size 2048K, 3 young (6144K), 3 survivors (6144K)
 Metaspace       used 12806K, committed 13056K, reserved 1114112K
  class space    used 1594K, committed 1728K, reserved 1048576K
GC Heap History (20 events):
Event: 1.087 GC heap after
{Heap after GC invocations=3 (full 0):
 garbage-first heap   total 258048K, used 9819K [0x0000000705a00000, 0x0000000800000000)
  region size 2048K, 3 young (6144K), 3 survivors (6144K)
 Metaspace       used 12781K, committed 13056K, reserved 1114112K
  class space    used 1594K, committed 1728K, reserved 1048576K
}
Event: 1.100 GC heap before
{Heap before GC invocations=3 (full 0):
 garbage-first heap   total 258048K, used 120411K [0x0000000705a00000, 0x0000000800000000)
  region size 2048K, 4 young (8192K), 3 survivors (6144K)
 Metaspace       used 12781K, committed 13056K, reserved 1114112K
  class space    used 1594K, committed 1728K, reserved 1048576K
}
Event: 1.103 GC heap after
{Heap after GC invocations=4 (full 0):
 garbage-first heap   total 258048K, used 9882K [0x0000000705a00000, 0x0000000800000000)
  region size 2048K, 3 young (6144K), 3 survivors (6144K)
 Metaspace       used 12781K, committed 13056K, reserved 1114112K
  class space    used 1594K, committed 1728K, reserved 1048576K
}
Event: 1.115 GC heap before
{Heap before GC invocations=4 (full 0):
 garbage-first heap   total 258048K, used 120474K [0x0000000705a00000, 0x0000000800000000)
  region size 2048K, 4 young (8192K), 3 survivors (6144K)
 Metaspace       used 12783K, committed 13056K, reserved 1114112K
  class space    used 1594K, committed 1728K, reserved 1048576K
}
Event: 1.117 GC heap after
{Heap after GC invocations=5 (full 0):
 garbage-first heap   total 374784K, used 9764K [0x0000000705a00000, 0x0000000800000000)
  region size 2048K, 3 young (6144K), 3 survivors (6144K)
 Metaspace       used 12783K, committed 13056K, reserved 1114112K
  class space    used 1594K, committed 1728K, reserved 1048576K
}
Event: 1.150 GC heap before
{Heap before GC invocations=5 (full 0):
 garbage-first heap   total 374784K, used 171556K [0x0000000705a00000, 0x0000000800000000)
  region size 2048K, 4 young (8192K), 3 survivors (6144K)
 Metaspace       used 12784K, committed 13056K, reserved 1114112K
  class space    used 1594K, committed 1728K, reserved 1048576K
}
Event: 1.152 GC heap after
{Heap after GC invocations=6 (full 0):
 garbage-first heap   total 374784K, used 9996K [0x0000000705a00000, 0x0000000800000000)
  region size 2048K, 3 young (6144K), 3 survivors (6144K)
 Metaspace       used 12784K, committed 13056K, reserved 1114112K
  class space    used 1594K, committed 1728K, reserved 1048576K
}
Event: 1.171 GC heap before
{Heap before GC invocations=6 (full 0):
 garbage-first heap   total 374784K, used 173836K [0x0000000705a00000, 0x0000000800000000)
  region size 2048K, 5 young (10240K), 3 survivors (6144K)
 Metaspace       used 12788K, committed 13056K, reserved 1114112K
  class space    used 1594K, committed 1728K, reserved 1048576K
}
Event: 1.174 GC heap after
{Heap after GC invocations=7 (full 0):
 garbage-first heap   total 374784K, used 9898K [0x0000000705a00000, 0x0000000800000000)
  region size 2048K, 3 young (6144K), 3 survivors (6144K)
 Metaspace       used 12788K, committed 13056K, reserved 1114112K
  class space    used 1594K, committed 1728K, reserved 1048576K
}
Event: 1.193 GC heap before
{Heap before GC invocations=7 (full 0):
 garbage-first heap   total 374784K, used 171690K [0x0000000705a00000, 0x0000000800000000)
  region size 2048K, 4 young (8192K), 3 survivors (6144K)
 Metaspace       used 12789K, committed 13056K, reserved 1114112K
  class space    used 1594K, committed 1728K, reserved 1048576K
}
Event: 1.195 GC heap after
{Heap after GC invocations=8 (full 0):
 garbage-first heap   total 374784K, used 9898K [0x0000000705a00000, 0x0000000800000000)
  region size 2048K, 3 young (6144K), 3 survivors (6144K)
 Metaspace       used 12789K, committed 13056K, reserved 1114112K
  class space    used 1594K, committed 1728K, reserved 1048576K
}
Event: 1.212 GC heap before
{Heap before GC invocations=8 (full 0):
 garbage-first heap   total 374784K, used 171690K [0x0000000705a00000, 0x0000000800000000)
  region size 2048K, 4 young (8192K), 3 survivors (6144K)
 Metaspace       used 12790K, committed 13056K, reserved 1114112K
  class space    used 1594K, committed 1728K, reserved 1048576K
}
Event: 1.216 GC heap after
{Heap after GC invocations=9 (full 0):
 garbage-first heap   total 749568K, used 9799K [0x0000000705a00000, 0x0000000800000000)
  region size 2048K, 3 young (6144K), 3 survivors (6144K)
 Metaspace       used 12790K, committed 13056K, reserved 1114112K
  class space    used 1594K, committed 1728K, reserved 1048576K
}
Event: 1.277 GC heap before
{Heap before GC invocations=9 (full 0):
 garbage-first heap   total 749568K, used 341575K [0x0000000705a00000, 0x0000000800000000)
  region size 2048K, 4 young (8192K), 3 survivors (6144K)
 Metaspace       used 12806K, committed 13056K, reserved 1114112K
  class space    used 1594K, committed 1728K, reserved 1048576K
}
Event: 1.280 GC heap after
{Heap after GC invocations=10 (full 0):
 garbage-first heap   total 749568K, used 9835K [0x0000000705a00000, 0x0000000800000000)
  region size 2048K, 3 young (6144K), 3 survivors (6144K)
 Metaspace       used 12806K, committed 13056K, reserved 1114112K
  class space    used 1594K, committed 1728K, reserved 1048576K
}
Event: 1.309 GC heap before
{Heap before GC invocations=10 (full 0):
 garbage-first heap   total 749568K, used 341611K [0x0000000705a00000, 0x0000000800000000)
  region size 2048K, 4 young (8192K), 3 survivors (6144K)
 Metaspace       used 12806K, committed 13056K, reserved 1114112K
  class space    used 1594K, committed 1728K, reserved 1048576K
}
Event: 1.312 GC heap after
{Heap after GC invocations=11 (full 0):
 garbage-first heap   total 749568K, used 10057K [0x0000000705a00000, 0x0000000800000000)
  region size 2048K, 3 young (6144K), 3 survivors (6144K)
 Metaspace       used 12806K, committed 13056K, reserved 1114112K
  class space    used 1594K, committed 1728K, reserved 1048576K
}
Event: 1.339 GC heap before
{Heap before GC invocations=11 (full 0):
 garbage-first heap   total 749568K, used 341833K [0x0000000705a00000, 0x0000000800000000)
  region size 2048K, 4 young (8192K), 3 survivors (6144K)
 Metaspace       used 12806K, committed 13056K, reserved 1114112K
  class space    used 1594K, committed 1728K, reserved 1048576K
}
Event: 1.341 GC heap after
{Heap after GC invocations=12 (full 0):
 garbage-first heap   total 749568K, used 10001K [0x0000000705a00000, 0x0000000800000000)
  region size 2048K, 3 young (6144K), 3 survivors (6144K)
 Metaspace       used 12806K, committed 13056K, reserved 1114112K
  class space    used 1594K, committed 1728K, reserved 1048576K
}
Event: 1.367 GC heap before
{Heap before GC invocations=12 (full 0):
 garbage-first heap   total 749568K, used 341777K [0x0000000705a00000, 0x0000000800000000)
  region size 2048K, 4 young (8192K), 3 survivors (6144K)
 Metaspace       used 12806K, committed 13056K, reserved 1114112K
  class space    used 1594K, committed 1728K, reserved 1048576K
}

