# JRE version: Java(TM) SE Runtime Environment (17.0.12+8) (build 17.0.12+8-LTS-286)
# Java VM: Java HotSpot(TM) 64-Bit Server VM (17.0.12+8-LTS-286, mixed mode, sharing, tiered, compressed oops, compressed class ptrs, g1 gc, windows-amd64)
GC Precious Log:
 CPUs: 16 total, 16 available
 Memory: 16016M
 Large Page Support: Disabled
 NUMA Support: Disabled
 Compressed Oops: Enabled (Zero based)
 Heap Region Size: 2M
 Heap Min Capacity: 8M
 Heap Initial Capacity: 252M
 Heap Max Capacity: 4006M
 Pre-touch: Disabled
 Parallel Workers: 13
 Concurrent Workers: 3
 Concurrent Refinement Workers: 13
 Periodic GC: Disabled
Heap:
 garbage-first heap   total 516096K, used 9893K [0x0000000705a00000, 0x0000000800000000)
  region size 2048K, 3 young (6144K), 3 survivors (6144K)
 Metaspace       used 12798K, committed 12992K, reserved 1114112K
  class space    used 1592K, committed 1664K, reserved 1048576K
GC Heap History (20 events):
Event: 0.824 GC heap after
{Heap after GC invocations=1 (full 0):
 garbage-first heap   total 258048K, used 5365K [0x0000000705a00000, 0x0000000800000000)
  region size 2048K, 2 young (4096K), 2 survivors (4096K)
 Metaspace       used 5346K, committed 5504K, reserved 1114112K
  class space    used 685K, committed 768K, reserved 1048576K
}
Event: 1.467 GC heap before
{Heap before GC invocations=1 (full 0):
 garbage-first heap   total 258048K, used 29941K [0x0000000705a00000, 0x0000000800000000)
  region size 2048K, 14 young (28672K), 2 survivors (4096K)
 Metaspace       used 12472K, committed 12672K, reserved 1114112K
  class space    used 1564K, committed 1664K, reserved 1048576K
}
Event: 1.473 GC heap after
{Heap after GC invocations=2 (full 0):
 garbage-first heap   total 258048K, used 8915K [0x0000000705a00000, 0x0000000800000000)
  region size 2048K, 2 young (4096K), 2 survivors (4096K)
 Metaspace       used 12472K, committed 12672K, reserved 1114112K
  class space    used 1564K, committed 1664K, reserved 1048576K
}
Event: 1.669 GC heap before
{Heap before GC invocations=2 (full 0):
 garbage-first heap   total 258048K, used 125651K [0x0000000705a00000, 0x0000000800000000)
  region size 2048K, 6 young (12288K), 2 survivors (4096K)
 Metaspace       used 12773K, committed 12992K, reserved 1114112K
  class space    used 1592K, committed 1664K, reserved 1048576K
}
Event: 1.672 GC heap after
{Heap after GC invocations=3 (full 0):
 garbage-first heap   total 258048K, used 9698K [0x0000000705a00000, 0x0000000800000000)
  region size 2048K, 3 young (6144K), 3 survivors (6144K)
 Metaspace       used 12773K, committed 12992K, reserved 1114112K
  class space    used 1592K, committed 1664K, reserved 1048576K
}
Event: 1.688 GC heap before
{Heap before GC invocations=3 (full 0):
 garbage-first heap   total 258048K, used 120290K [0x0000000705a00000, 0x0000000800000000)
  region size 2048K, 4 young (8192K), 3 survivors (6144K)
 Metaspace       used 12773K, committed 12992K, reserved 1114112K
  class space    used 1592K, committed 1664K, reserved 1048576K
}
Event: 1.690 GC heap after
{Heap after GC invocations=4 (full 0):
 garbage-first heap   total 258048K, used 9867K [0x0000000705a00000, 0x0000000800000000)
  region size 2048K, 3 young (6144K), 3 survivors (6144K)
 Metaspace       used 12773K, committed 12992K, reserved 1114112K
  class space    used 1592K, committed 1664K, reserved 1048576K
}
Event: 1.707 GC heap before
{Heap before GC invocations=4 (full 0):
 garbage-first heap   total 258048K, used 120459K [0x0000000705a00000, 0x0000000800000000)
  region size 2048K, 4 young (8192K), 3 survivors (6144K)
 Metaspace       used 12775K, committed 12992K, reserved 1114112K
  class space    used 1592K, committed 1664K, reserved 1048576K
}
Event: 1.710 GC heap after
{Heap after GC invocations=5 (full 0):
 garbage-first heap   total 258048K, used 9757K [0x0000000705a00000, 0x0000000800000000)
  region size 2048K, 3 young (6144K), 3 survivors (6144K)
 Metaspace       used 12775K, committed 12992K, reserved 1114112K
  class space    used 1592K, committed 1664K, reserved 1048576K
}
Event: 1.731 GC heap before
{Heap before GC invocations=5 (full 0):
 garbage-first heap   total 258048K, used 120349K [0x0000000705a00000, 0x0000000800000000)
  region size 2048K, 4 young (8192K), 3 survivors (6144K)
 Metaspace       used 12776K, committed 12992K, reserved 1114112K
  class space    used 1592K, committed 1664K, reserved 1048576K
}
Event: 1.733 GC heap after
{Heap after GC invocations=6 (full 0):
 garbage-first heap   total 258048K, used 9891K [0x0000000705a00000, 0x0000000800000000)
  region size 2048K, 3 young (6144K), 3 survivors (6144K)
 Metaspace       used 12776K, committed 12992K, reserved 1114112K
  class space    used 1592K, committed 1664K, reserved 1048576K
}
Event: 1.751 GC heap before
{Heap before GC invocations=6 (full 0):
 garbage-first heap   total 258048K, used 120483K [0x0000000705a00000, 0x0000000800000000)
  region size 2048K, 4 young (8192K), 3 survivors (6144K)
 Metaspace       used 12780K, committed 12992K, reserved 1114112K
  class space    used 1592K, committed 1664K, reserved 1048576K
}
Event: 1.756 GC heap after
{Heap after GC invocations=7 (full 0):
 garbage-first heap   total 516096K, used 9759K [0x0000000705a00000, 0x0000000800000000)
  region size 2048K, 3 young (6144K), 3 survivors (6144K)
 Metaspace       used 12780K, committed 12992K, reserved 1114112K
  class space    used 1592K, committed 1664K, reserved 1048576K
}
Event: 1.827 GC heap before
{Heap before GC invocations=7 (full 0):
 garbage-first heap   total 516096K, used 235039K [0x0000000705a00000, 0x0000000800000000)
  region size 2048K, 4 young (8192K), 3 survivors (6144K)
 Metaspace       used 12780K, committed 12992K, reserved 1114112K
  class space    used 1592K, committed 1664K, reserved 1048576K
}
Event: 1.830 GC heap after
{Heap after GC invocations=8 (full 0):
 garbage-first heap   total 516096K, used 9895K [0x0000000705a00000, 0x0000000800000000)
  region size 2048K, 3 young (6144K), 3 survivors (6144K)
 Metaspace       used 12780K, committed 12992K, reserved 1114112K
  class space    used 1592K, committed 1664K, reserved 1048576K
}
Event: 1.869 GC heap before
{Heap before GC invocations=8 (full 0):
 garbage-first heap   total 516096K, used 235175K [0x0000000705a00000, 0x0000000800000000)
  region size 2048K, 4 young (8192K), 3 survivors (6144K)
 Metaspace       used 12783K, committed 12992K, reserved 1114112K
  class space    used 1592K, committed 1664K, reserved 1048576K
}
Event: 1.871 GC heap after
{Heap after GC invocations=9 (full 0):
 garbage-first heap   total 516096K, used 9960K [0x0000000705a00000, 0x0000000800000000)
  region size 2048K, 3 young (6144K), 3 survivors (6144K)
 Metaspace       used 12783K, committed 12992K, reserved 1114112K
  class space    used 1592K, committed 1664K, reserved 1048576K
}
Event: 1.901 GC heap before
{Heap before GC invocations=9 (full 0):
 garbage-first heap   total 516096K, used 235240K [0x0000000705a00000, 0x0000000800000000)
  region size 2048K, 4 young (8192K), 3 survivors (6144K)
 Metaspace       used 12798K, committed 12992K, reserved 1114112K
  class space    used 1592K, committed 1664K, reserved 1048576K
}
Event: 1.904 GC heap after
{Heap after GC invocations=10 (full 0):
 garbage-first heap   total 516096K, used 9890K [0x0000000705a00000, 0x0000000800000000)
  region size 2048K, 3 young (6144K), 3 survivors (6144K)
 Metaspace       used 12798K, committed 12992K, reserved 1114112K
  class space    used 1592K, committed 1664K, reserved 1048576K
}
Event: 1.935 GC heap before
{Heap before GC invocations=10 (full 0):
 garbage-first heap   total 516096K, used 235170K [0x0000000705a00000, 0x0000000800000000)
  region size 2048K, 4 young (8192K), 3 survivors (6144K)
 Metaspace       used 12798K, committed 12992K, reserved 1114112K
  class space    used 1592K, committed 1664K, reserved 1048576K
}

